<?xml version="1.0" encoding="UTF-8"?>
<!-- Generated by org.testng.reporters.JUnitReportReporter -->
<testsuite skipped="0" hostname="LM0001023" name="com.home.project.LivePerson.GetEulaDetailsTestCase" tests="1" failures="0" timestamp="04 Jan 2021 09:34:16 GMT" time="3.882" errors="0">
  <testcase name="getEulaDeatailsForvalidtenant" time="3.882" classname="com.home.project.LivePerson.GetEulaDetailsTestCase"/>
</testsuite> <!-- com.home.project.LivePerson.GetEulaDetailsTestCase -->
